<?xml version="1.0" encoding="UTF-8"?>
<!-- Generated by org.testng.reporters.JUnitXMLReporter -->
<testsuite hostname="NEWNODE64" ignored="0" name="Default test(failed)" tests="2" failures="2" timestamp="12 Jun 2018 11:52:56 GMT" time="0.018" errors="0">
  <testcase name="function" time="0.0" classname="com.qa.testng.practice.Demo">
    <failure type="org.testng.TestNGException" message="
Parameter &amp;apos;url&amp;apos; is required by @Test on method function but has not been marked @Optional or defined
in E:\Eclipse workspaces\TaskManagement\PageObjectModelAndDataDrivenFramework\test-output\testng-failed.xml">
      <![CDATA[org.testng.TestNGException: 
Parameter 'url' is required by @Test on method function but has not been marked @Optional or defined
in E:\Eclipse workspaces\TaskManagement\PageObjectModelAndDataDrivenFramework\test-output\testng-failed.xml
... Removed 24 stack frames]]>
    </failure>
  </testcase> <!-- function -->
  <testcase name="function" time="0.0" classname="com.qa.testng.practice.Demo">
    <failure type="org.testng.TestNGException" message="
Parameter &amp;apos;url&amp;apos; is required by @Test on method function but has not been marked @Optional or defined
in E:\Eclipse workspaces\TaskManagement\PageObjectModelAndDataDrivenFramework\test-output\testng-failed.xml">
      <![CDATA[org.testng.TestNGException: 
Parameter 'url' is required by @Test on method function but has not been marked @Optional or defined
in E:\Eclipse workspaces\TaskManagement\PageObjectModelAndDataDrivenFramework\test-output\testng-failed.xml
... Removed 24 stack frames]]>
    </failure>
  </testcase> <!-- function -->
</testsuite> <!-- Default test(failed) -->
