<?xml version="1.0" encoding="UTF-8"?>
<!-- Generated by org.testng.reporters.JUnitReportReporter -->
<testsuite skipped="0" hostname="NEWNODE64" name="com.qa.frames.HandlingFrames" tests="1" failures="0" timestamp="17 Jul 2018 13:38:54 GMT" time="7.453" errors="1">
  <testcase name="handlingFrames" time="7.453" classname="com.qa.frames.HandlingFrames">
    <error type="org.openqa.selenium.InvalidSelectorException" message="The given selector //ads.rediff.com/RealMedia/ads/adstream_jx.ads/www.rediffmail.com/Google_logout.htm/1810177147@Middle?REFERER=https://mail.rediff.com/cgi-bin/login.cgi&amp;RLOC=__MyejFuTws3I__SSDlTVguBmM__tHonjGX8AnI__ind__&amp;p_agent=&amp;advt_cookie=&amp;DOMAIN=aW0ucmVkaWZmLmNvbQ== is either invalid or does not result in a WebElement. The following error occurred:
InvalidSelectorError: Unable to locate an element with the xpath expression //ads.rediff.com/RealMedia/ads/adstream_jx.ads/www.rediffmail.com/Google_logout.htm/1810177147@Middle?REFERER=https://mail.rediff.com/cgi-bin/login.cgi&amp;RLOC=__MyejFuTws3I__SSDlTVguBmM__tHonjGX8AnI__ind__&amp;p_agent=&amp;advt_cookie=&amp;DOMAIN=aW0ucmVkaWZmLmNvbQ== because of the following error:
SyntaxError: The expression is not a legal expression.
Command duration or timeout: 28 milliseconds
For documentation on this error, please visit: http://seleniumhq.org/exceptions/invalid_selector_exception.html
Build info: version: &#039;2.53.1&#039;, revision: &#039;a36b8b1cd5757287168e54b817830adce9b0158d&#039;, time: &#039;2016-06-30 19:26:09&#039;
System info: host: &#039;NEWNODE64&#039;, ip: &#039;10.0.3.219&#039;, os.name: &#039;Windows 7&#039;, os.arch: &#039;amd64&#039;, os.version: &#039;6.1&#039;, java.version: &#039;1.8.0_161&#039;
Driver info: org.openqa.selenium.firefox.FirefoxDriver
Capabilities [{applicationCacheEnabled=true, rotatable=false, handlesAlerts=true, databaseEnabled=true, version=40.0.2, platform=WINDOWS, nativeEvents=false, acceptSslCerts=true, webStorageEnabled=true, locationContextEnabled=true, browserName=firefox, takesScreenshot=true, javascriptEnabled=true, cssSelectorsEnabled=true}]
Session ID: afb5e34d-e0d7-4254-870a-aba95109e556
*** Element info: {Using=xpath, value=//ads.rediff.com/RealMedia/ads/adstream_jx.ads/www.rediffmail.com/Google_logout.htm/1810177147@Middle?REFERER=https://mail.rediff.com/cgi-bin/login.cgi&amp;RLOC=__MyejFuTws3I__SSDlTVguBmM__tHonjGX8AnI__ind__&amp;p_agent=&amp;advt_cookie=&amp;DOMAIN=aW0ucmVkaWZmLmNvbQ==}">
      <![CDATA[org.openqa.selenium.InvalidSelectorException: The given selector //ads.rediff.com/RealMedia/ads/adstream_jx.ads/www.rediffmail.com/Google_logout.htm/1810177147@Middle?REFERER=https://mail.rediff.com/cgi-bin/login.cgi&RLOC=__MyejFuTws3I__SSDlTVguBmM__tHonjGX8AnI__ind__&p_agent=&advt_cookie=&DOMAIN=aW0ucmVkaWZmLmNvbQ== is either invalid or does not result in a WebElement. The following error occurred:
InvalidSelectorError: Unable to locate an element with the xpath expression //ads.rediff.com/RealMedia/ads/adstream_jx.ads/www.rediffmail.com/Google_logout.htm/1810177147@Middle?REFERER=https://mail.rediff.com/cgi-bin/login.cgi&RLOC=__MyejFuTws3I__SSDlTVguBmM__tHonjGX8AnI__ind__&p_agent=&advt_cookie=&DOMAIN=aW0ucmVkaWZmLmNvbQ== because of the following error:
SyntaxError: The expression is not a legal expression.
Command duration or timeout: 28 milliseconds
For documentation on this error, please visit: http://seleniumhq.org/exceptions/invalid_selector_exception.html
Build info: version: '2.53.1', revision: 'a36b8b1cd5757287168e54b817830adce9b0158d', time: '2016-06-30 19:26:09'
System info: host: 'NEWNODE64', ip: '10.0.3.219', os.name: 'Windows 7', os.arch: 'amd64', os.version: '6.1', java.version: '1.8.0_161'
Driver info: org.openqa.selenium.firefox.FirefoxDriver
Capabilities [{applicationCacheEnabled=true, rotatable=false, handlesAlerts=true, databaseEnabled=true, version=40.0.2, platform=WINDOWS, nativeEvents=false, acceptSslCerts=true, webStorageEnabled=true, locationContextEnabled=true, browserName=firefox, takesScreenshot=true, javascriptEnabled=true, cssSelectorsEnabled=true}]
Session ID: afb5e34d-e0d7-4254-870a-aba95109e556
*** Element info: {Using=xpath, value=//ads.rediff.com/RealMedia/ads/adstream_jx.ads/www.rediffmail.com/Google_logout.htm/1810177147@Middle?REFERER=https://mail.rediff.com/cgi-bin/login.cgi&RLOC=__MyejFuTws3I__SSDlTVguBmM__tHonjGX8AnI__ind__&p_agent=&advt_cookie=&DOMAIN=aW0ucmVkaWZmLmNvbQ==}
at sun.reflect.NativeConstructorAccessorImpl.newInstance0(Native Method)
at sun.reflect.NativeConstructorAccessorImpl.newInstance(NativeConstructorAccessorImpl.java:62)
at sun.reflect.DelegatingConstructorAccessorImpl.newInstance(DelegatingConstructorAccessorImpl.java:45)
at java.lang.reflect.Constructor.newInstance(Constructor.java:423)
at org.openqa.selenium.remote.ErrorHandler.createThrowable(ErrorHandler.java:206)
at org.openqa.selenium.remote.ErrorHandler.throwIfResponseFailed(ErrorHandler.java:158)
at org.openqa.selenium.remote.RemoteWebDriver.execute(RemoteWebDriver.java:678)
at org.openqa.selenium.remote.RemoteWebDriver.findElement(RemoteWebDriver.java:363)
at org.openqa.selenium.remote.RemoteWebDriver.findElementByXPath(RemoteWebDriver.java:500)
at org.openqa.selenium.By$ByXPath.findElement(By.java:361)
at org.openqa.selenium.remote.RemoteWebDriver.findElement(RemoteWebDriver.java:355)
at com.qa.frames.HandlingFrames.handlingFrames(HandlingFrames.java:19)
at sun.reflect.NativeMethodAccessorImpl.invoke0(Native Method)
at sun.reflect.NativeMethodAccessorImpl.invoke(NativeMethodAccessorImpl.java:62)
at sun.reflect.DelegatingMethodAccessorImpl.invoke(DelegatingMethodAccessorImpl.java:43)
at java.lang.reflect.Method.invoke(Method.java:498)
at org.testng.internal.MethodInvocationHelper.invokeMethod(MethodInvocationHelper.java:124)
at org.testng.internal.Invoker.invokeMethod(Invoker.java:580)
at org.testng.internal.Invoker.invokeTestMethod(Invoker.java:716)
at org.testng.internal.Invoker.invokeTestMethods(Invoker.java:988)
at org.testng.internal.TestMethodWorker.invokeTestMethods(TestMethodWorker.java:125)
at org.testng.internal.TestMethodWorker.run(TestMethodWorker.java:109)
at org.testng.TestRunner.privateRun(TestRunner.java:648)
at org.testng.TestRunner.run(TestRunner.java:505)
at org.testng.SuiteRunner.runTest(SuiteRunner.java:455)
at org.testng.SuiteRunner.runSequentially(SuiteRunner.java:450)
at org.testng.SuiteRunner.privateRun(SuiteRunner.java:415)
at org.testng.SuiteRunner.run(SuiteRunner.java:364)
at org.testng.SuiteRunnerWorker.runSuite(SuiteRunnerWorker.java:52)
at org.testng.SuiteRunnerWorker.run(SuiteRunnerWorker.java:84)
at org.testng.TestNG.runSuitesSequentially(TestNG.java:1208)
at org.testng.TestNG.runSuitesLocally(TestNG.java:1137)
at org.testng.TestNG.runSuites(TestNG.java:1049)
at org.testng.TestNG.run(TestNG.java:1017)
at org.testng.remote.AbstractRemoteTestNG.run(AbstractRemoteTestNG.java:114)
at org.testng.remote.RemoteTestNG.initAndRun(RemoteTestNG.java:251)
at org.testng.remote.RemoteTestNG.main(RemoteTestNG.java:77)
Caused by: org.openqa.selenium.InvalidSelectorException: The given selector //ads.rediff.com/RealMedia/ads/adstream_jx.ads/www.rediffmail.com/Google_logout.htm/1810177147@Middle?REFERER=https://mail.rediff.com/cgi-bin/login.cgi&RLOC=__MyejFuTws3I__SSDlTVguBmM__tHonjGX8AnI__ind__&p_agent=&advt_cookie=&DOMAIN=aW0ucmVkaWZmLmNvbQ== is either invalid or does not result in a WebElement. The following error occurred:
InvalidSelectorError: Unable to locate an element with the xpath expression //ads.rediff.com/RealMedia/ads/adstream_jx.ads/www.rediffmail.com/Google_logout.htm/1810177147@Middle?REFERER=https://mail.rediff.com/cgi-bin/login.cgi&RLOC=__MyejFuTws3I__SSDlTVguBmM__tHonjGX8AnI__ind__&p_agent=&advt_cookie=&DOMAIN=aW0ucmVkaWZmLmNvbQ== because of the following error:
SyntaxError: The expression is not a legal expression.
For documentation on this error, please visit: http://seleniumhq.org/exceptions/invalid_selector_exception.html
Build info: version: '2.53.1', revision: 'a36b8b1cd5757287168e54b817830adce9b0158d', time: '2016-06-30 19:26:09'
System info: host: 'NEWNODE64', ip: '10.0.3.219', os.name: 'Windows 7', os.arch: 'amd64', os.version: '6.1', java.version: '1.8.0_161'
Driver info: driver.version: unknown
at <anonymous class>.FirefoxDriver.annotateInvalidSelectorError_(file:///C:/Users/NAVEEN~1.DOM/AppData/Local/Temp/anonymous1999400806399438351webdriver-profile/extensions/fxdriver@googlecode.com/components/driver-component.js:10744)
at <anonymous class>.FirefoxDriver.prototype.findElementInternal_(file:///C:/Users/NAVEEN~1.DOM/AppData/Local/Temp/anonymous1999400806399438351webdriver-profile/extensions/fxdriver@googlecode.com/components/driver-component.js:10775)
at <anonymous class>.FirefoxDriver.prototype.findElement(file:///C:/Users/NAVEEN~1.DOM/AppData/Local/Temp/anonymous1999400806399438351webdriver-profile/extensions/fxdriver@googlecode.com/components/driver-component.js:10779)
at <anonymous class>.DelayedCommand.prototype.executeInternal_/h(file:///C:/Users/NAVEEN~1.DOM/AppData/Local/Temp/anonymous1999400806399438351webdriver-profile/extensions/fxdriver@googlecode.com/components/command-processor.js:12661)
at <anonymous class>.DelayedCommand.prototype.executeInternal_(file:///C:/Users/NAVEEN~1.DOM/AppData/Local/Temp/anonymous1999400806399438351webdriver-profile/extensions/fxdriver@googlecode.com/components/command-processor.js:12666)
at <anonymous class>.DelayedCommand.prototype.execute/<(file:///C:/Users/NAVEEN~1.DOM/AppData/Local/Temp/anonymous1999400806399438351webdriver-profile/extensions/fxdriver@googlecode.com/components/command-processor.js:12608)
]]>
    </error>
  </testcase> <!-- handlingFrames -->
</testsuite> <!-- com.qa.frames.HandlingFrames -->
